2026/04/11 15:25:53 - mmengine - INFO - 
------------------------------------------------------------
System environment:
    sys.platform: linux
    Python: 3.10.19 | packaged by conda-forge | (main, Oct 22 2025, 22:29:10) [GCC 14.3.0]
    CUDA available: True
    MUSA available: False
    numpy_random_seed: 247326709
    GPU 0,1,2,3,4,5,6,7: NVIDIA GeForce RTX 4090
    CUDA_HOME: /usr/local/cuda
    NVCC: Cuda compilation tools, release 12.6, V12.6.20
    GCC: gcc (Ubuntu 11.4.0-1ubuntu1~22.04) 11.4.0
    PyTorch: 2.4.0+cu121
    PyTorch compiling details: PyTorch built with:
  - GCC 9.3
  - C++ Version: 201703
  - Intel(R) oneAPI Math Kernel Library Version 2022.2-Product Build 20220804 for Intel(R) 64 architecture applications
  - Intel(R) MKL-DNN v3.4.2 (Git Hash 1137e04ec0b5251ca2b4400a4fd3c667ce843d67)
  - OpenMP 201511 (a.k.a. OpenMP 4.5)
  - LAPACK is enabled (usually provided by MKL)
  - NNPACK is enabled
  - CPU capability usage: AVX512
  - CUDA Runtime 12.1
  - NVCC architecture flags: -gencode;arch=compute_50,code=sm_50;-gencode;arch=compute_60,code=sm_60;-gencode;arch=compute_70,code=sm_70;-gencode;arch=compute_75,code=sm_75;-gencode;arch=compute_80,code=sm_80;-gencode;arch=compute_86,code=sm_86;-gencode;arch=compute_90,code=sm_90
  - CuDNN 90.1  (built against CUDA 12.4)
  - Magma 2.6.1
  - Build settings: BLAS_INFO=mkl, BUILD_TYPE=Release, CUDA_VERSION=12.1, CUDNN_VERSION=9.1.0, CXX_COMPILER=/opt/rh/devtoolset-9/root/usr/bin/c++, CXX_FLAGS= -D_GLIBCXX_USE_CXX11_ABI=0 -fabi-version=11 -fvisibility-inlines-hidden -DUSE_PTHREADPOOL -DNDEBUG -DUSE_KINETO -DLIBKINETO_NOROCTRACER -DUSE_FBGEMM -DUSE_PYTORCH_QNNPACK -DUSE_XNNPACK -DSYMBOLICATE_MOBILE_DEBUG_HANDLE -O2 -fPIC -Wall -Wextra -Werror=return-type -Werror=non-virtual-dtor -Werror=bool-operation -Wnarrowing -Wno-missing-field-initializers -Wno-type-limits -Wno-array-bounds -Wno-unknown-pragmas -Wno-unused-parameter -Wno-unused-function -Wno-unused-result -Wno-strict-overflow -Wno-strict-aliasing -Wno-stringop-overflow -Wsuggest-override -Wno-psabi -Wno-error=pedantic -Wno-error=old-style-cast -Wno-missing-braces -fdiagnostics-color=always -faligned-new -Wno-unused-but-set-variable -Wno-maybe-uninitialized -fno-math-errno -fno-trapping-math -Werror=format -Wno-stringop-overflow, LAPACK_INFO=mkl, PERF_WITH_AVX=1, PERF_WITH_AVX2=1, PERF_WITH_AVX512=1, TORCH_VERSION=2.4.0, USE_CUDA=ON, USE_CUDNN=ON, USE_CUSPARSELT=1, USE_EXCEPTION_PTR=1, USE_GFLAGS=OFF, USE_GLOG=OFF, USE_GLOO=ON, USE_MKL=ON, USE_MKLDNN=ON, USE_MPI=OFF, USE_NCCL=1, USE_NNPACK=ON, USE_OPENMP=ON, USE_ROCM=OFF, USE_ROCM_KERNEL_ASSERT=OFF, 

    TorchVision: 0.19.0+cu121
    OpenCV: 4.12.0
    MMEngine: 0.11.0rc0

Runtime environment:
    cudnn_benchmark: True
    mp_cfg: {'mp_start_method': 'fork', 'opencv_num_threads': 0}
    dist_cfg: {'backend': 'nccl'}
    seed: 247326709
    Distributed launcher: none
    Distributed training: False
    GPU number: 1
------------------------------------------------------------

2026/04/11 15:25:53 - mmengine - INFO - Config:
class_names = [
    'background',
    'building',
    'road',
    'water',
    'barren',
    'forest',
    'agricultural',
]
data = dict(
    samples_per_gpu=4,
    test=dict(
        ann_dir='ann_dir/val',
        data_root='/data/public/LoveDA',
        img_dir='img_dir/val',
        pipeline=[
            dict(type='LoadImageFromFile'),
            dict(type='LoadAnnotations'),
            dict(type='PackSegInputs'),
        ],
        type='LoveDADataset'),
    train=dict(
        ann_dir='ann_dir/train',
        data_root='/data/public/LoveDA',
        img_dir='img_dir/train',
        pipeline=[
            dict(type='LoadImageFromFile'),
            dict(type='LoadAnnotations'),
            dict(type='PackSegInputs'),
        ],
        type='LoveDADataset'),
    val=dict(
        ann_dir='ann_dir/val',
        data_root='/data/public/LoveDA',
        img_dir='img_dir/val',
        pipeline=[
            dict(type='LoadImageFromFile'),
            dict(type='LoadAnnotations'),
            dict(type='PackSegInputs'),
        ],
        type='LoveDADataset'),
    workers_per_gpu=8)
data_root = '/data/public/LoveDA'
dataset_type = 'LoveDADataset'
default_hooks = dict(
    checkpoint=dict(by_epoch=False, interval=2000, type='CheckpointHook'),
    logger=dict(interval=50, log_metric_by_epoch=False, type='LoggerHook'),
    param_scheduler=dict(type='ParamSchedulerHook'),
    sampler_seed=dict(type='DistSamplerSeedHook'),
    timer=dict(type='IterTimerHook'),
    visualization=dict(interval=1, type='SegVisualizationHook'))
default_scope = 'mmseg'
env_cfg = dict(
    cudnn_benchmark=True,
    dist_cfg=dict(backend='nccl'),
    mp_cfg=dict(mp_start_method='fork', opencv_num_threads=0))
launcher = 'none'
load_from = None
log_level = 'INFO'
log_processor = dict(by_epoch=False)
model = dict(
    bg_idx=0,
    classname_path='./configs/cls_loveda_exp.txt',
    confidence_threshold=0.4,
    device='cuda:3',
    model_type='SAM3',
    prob_thd=0.1,
    slide_crop=0,
    slide_stride=0,
    type='SegEarthOV3Segmentation',
    use_presence_score=True,
    use_sem_seg=True,
    use_transformer_decoder=True)
resume = False
test_cfg = dict(type='TestLoop')
test_dataloader = dict(
    batch_size=4,
    dataset=dict(
        data_prefix=dict(img_path='img_dir/val', seg_map_path='ann_dir/val'),
        data_root='/data/public/LoveDA',
        pipeline=[
            dict(type='LoadImageFromFile'),
            dict(type='LoadAnnotations'),
            dict(type='PackSegInputs'),
        ],
        type='LoveDADataset'),
    num_workers=8,
    persistent_workers=True,
    sampler=dict(shuffle=False, type='DefaultSampler'))
test_evaluator = dict(
    ignore_index=255,
    iou_metrics=[
        'mIoU',
    ],
    iou_thresholds=[
        0.5,
        0.75,
    ],
    type='CombinedMetrics')
vis_backends = [
    dict(type='LocalVisBackend'),
]
visualizer = dict(
    alpha=0.7,
    name='visualizer',
    type='SegLocalVisualizer',
    vis_backends=[
        dict(type='LocalVisBackend'),
    ])
work_dir = './work_dirs/cfg_loveda_exp'

2026/04/11 15:26:09 - mmengine - INFO - Distributed training is not used, all SyncBatchNorm (SyncBN) layers in the model will be automatically reverted to BatchNormXd layers if they are used.
2026/04/11 15:26:09 - mmengine - INFO - Hooks will be executed in the following order:
before_run:
(VERY_HIGH   ) RuntimeInfoHook                    
(BELOW_NORMAL) LoggerHook                         
 -------------------- 
before_train:
(VERY_HIGH   ) RuntimeInfoHook                    
(NORMAL      ) IterTimerHook                      
(VERY_LOW    ) CheckpointHook                     
 -------------------- 
before_train_epoch:
(VERY_HIGH   ) RuntimeInfoHook                    
(NORMAL      ) IterTimerHook                      
(NORMAL      ) DistSamplerSeedHook                
 -------------------- 
before_train_iter:
(VERY_HIGH   ) RuntimeInfoHook                    
(NORMAL      ) IterTimerHook                      
 -------------------- 
after_train_iter:
(VERY_HIGH   ) RuntimeInfoHook                    
(NORMAL      ) IterTimerHook                      
(NORMAL      ) SegVisualizationHook               
(BELOW_NORMAL) LoggerHook                         
(LOW         ) ParamSchedulerHook                 
(VERY_LOW    ) CheckpointHook                     
 -------------------- 
after_train_epoch:
(NORMAL      ) IterTimerHook                      
(LOW         ) ParamSchedulerHook                 
(VERY_LOW    ) CheckpointHook                     
 -------------------- 
before_val:
(VERY_HIGH   ) RuntimeInfoHook                    
 -------------------- 
before_val_epoch:
(NORMAL      ) IterTimerHook                      
 -------------------- 
before_val_iter:
(NORMAL      ) IterTimerHook                      
 -------------------- 
after_val_iter:
(NORMAL      ) IterTimerHook                      
(NORMAL      ) SegVisualizationHook               
(BELOW_NORMAL) LoggerHook                         
 -------------------- 
after_val_epoch:
(VERY_HIGH   ) RuntimeInfoHook                    
(NORMAL      ) IterTimerHook                      
(BELOW_NORMAL) LoggerHook                         
(LOW         ) ParamSchedulerHook                 
(VERY_LOW    ) CheckpointHook                     
 -------------------- 
after_val:
(VERY_HIGH   ) RuntimeInfoHook                    
 -------------------- 
after_train:
(VERY_HIGH   ) RuntimeInfoHook                    
(VERY_LOW    ) CheckpointHook                     
 -------------------- 
before_test:
(VERY_HIGH   ) RuntimeInfoHook                    
 -------------------- 
before_test_epoch:
(NORMAL      ) IterTimerHook                      
 -------------------- 
before_test_iter:
(NORMAL      ) IterTimerHook                      
 -------------------- 
after_test_iter:
(NORMAL      ) IterTimerHook                      
(NORMAL      ) SegVisualizationHook               
(BELOW_NORMAL) LoggerHook                         
 -------------------- 
after_test_epoch:
(VERY_HIGH   ) RuntimeInfoHook                    
(NORMAL      ) IterTimerHook                      
(BELOW_NORMAL) LoggerHook                         
 -------------------- 
after_test:
(VERY_HIGH   ) RuntimeInfoHook                    
 -------------------- 
after_run:
(BELOW_NORMAL) LoggerHook                         
 -------------------- 
2026/04/11 15:26:09 - mmengine - WARNING - The prefix is not set in metric class CombinedMetrics.
2026/04/11 15:26:09 - mmengine - WARNING - The prefix is not set in metric class IoUMetric.
2026/04/11 15:26:09 - mmengine - WARNING - The prefix is not set in metric class SegAPMetric.
2026/04/11 15:29:42 - mmengine - INFO - Iter(test) [ 50/418]    eta: 0:26:03  time: 4.1645  data_time: 0.0086  memory: 44  
2026/04/11 15:33:07 - mmengine - INFO - Iter(test) [100/418]    eta: 0:22:07  time: 4.0934  data_time: 0.0087  memory: 44  
2026/04/11 15:36:33 - mmengine - INFO - Iter(test) [150/418]    eta: 0:18:33  time: 4.1015  data_time: 0.0088  memory: 44  
2026/04/11 15:39:59 - mmengine - INFO - Iter(test) [200/418]    eta: 0:15:04  time: 4.1016  data_time: 0.0087  memory: 44  
2026/04/11 15:43:25 - mmengine - INFO - Iter(test) [250/418]    eta: 0:11:36  time: 4.1014  data_time: 0.0087  memory: 44  
2026/04/11 15:46:52 - mmengine - INFO - Iter(test) [300/418]    eta: 0:08:08  time: 4.1455  data_time: 0.0088  memory: 44  
2026/04/11 15:50:20 - mmengine - INFO - Iter(test) [350/418]    eta: 0:04:41  time: 4.1820  data_time: 0.0105  memory: 44  
2026/04/11 15:53:50 - mmengine - INFO - Iter(test) [400/418]    eta: 0:01:14  time: 4.4484  data_time: 0.0121  memory: 44  
2026/04/11 15:55:03 - mmengine - INFO - per class results:
2026/04/11 15:55:03 - mmengine - INFO - 
+--------------+-------+-------+
|    Class     |  IoU  |  Acc  |
+--------------+-------+-------+
|  background  | 20.24 |  24.0 |
|   building   | 60.42 | 87.87 |
|     road     | 46.13 | 83.44 |
|    water     | 58.03 | 65.49 |
|    barren    | 27.72 | 65.59 |
|    forest    |  33.1 | 55.27 |
| agricultural | 43.19 | 72.73 |
+--------------+-------+-------+
2026/04/11 15:55:03 - mmengine - INFO - Iter(test) [418/418]    aAcc: 54.2800  mIoU: 41.2600  mAcc: 64.9100  AP50: 39.8900  AP75: 12.8000  data_time: 0.0109  time: 4.1484
