2026/04/11 16:38:09 - mmengine - INFO - 
------------------------------------------------------------
System environment:
    sys.platform: linux
    Python: 3.10.19 | packaged by conda-forge | (main, Oct 22 2025, 22:29:10) [GCC 14.3.0]
    CUDA available: True
    MUSA available: False
    numpy_random_seed: 1948846296
    GPU 0,1,2,3,4,5,6,7: NVIDIA GeForce RTX 4090
    CUDA_HOME: /usr/local/cuda
    NVCC: Cuda compilation tools, release 12.6, V12.6.20
    GCC: gcc (Ubuntu 11.4.0-1ubuntu1~22.04) 11.4.0
    PyTorch: 2.4.0+cu121
    PyTorch compiling details: PyTorch built with:
  - GCC 9.3
  - C++ Version: 201703
  - Intel(R) oneAPI Math Kernel Library Version 2022.2-Product Build 20220804 for Intel(R) 64 architecture applications
  - Intel(R) MKL-DNN v3.4.2 (Git Hash 1137e04ec0b5251ca2b4400a4fd3c667ce843d67)
  - OpenMP 201511 (a.k.a. OpenMP 4.5)
  - LAPACK is enabled (usually provided by MKL)
  - NNPACK is enabled
  - CPU capability usage: AVX512
  - CUDA Runtime 12.1
  - NVCC architecture flags: -gencode;arch=compute_50,code=sm_50;-gencode;arch=compute_60,code=sm_60;-gencode;arch=compute_70,code=sm_70;-gencode;arch=compute_75,code=sm_75;-gencode;arch=compute_80,code=sm_80;-gencode;arch=compute_86,code=sm_86;-gencode;arch=compute_90,code=sm_90
  - CuDNN 90.1  (built against CUDA 12.4)
  - Magma 2.6.1
  - Build settings: BLAS_INFO=mkl, BUILD_TYPE=Release, CUDA_VERSION=12.1, CUDNN_VERSION=9.1.0, CXX_COMPILER=/opt/rh/devtoolset-9/root/usr/bin/c++, CXX_FLAGS= -D_GLIBCXX_USE_CXX11_ABI=0 -fabi-version=11 -fvisibility-inlines-hidden -DUSE_PTHREADPOOL -DNDEBUG -DUSE_KINETO -DLIBKINETO_NOROCTRACER -DUSE_FBGEMM -DUSE_PYTORCH_QNNPACK -DUSE_XNNPACK -DSYMBOLICATE_MOBILE_DEBUG_HANDLE -O2 -fPIC -Wall -Wextra -Werror=return-type -Werror=non-virtual-dtor -Werror=bool-operation -Wnarrowing -Wno-missing-field-initializers -Wno-type-limits -Wno-array-bounds -Wno-unknown-pragmas -Wno-unused-parameter -Wno-unused-function -Wno-unused-result -Wno-strict-overflow -Wno-strict-aliasing -Wno-stringop-overflow -Wsuggest-override -Wno-psabi -Wno-error=pedantic -Wno-error=old-style-cast -Wno-missing-braces -fdiagnostics-color=always -faligned-new -Wno-unused-but-set-variable -Wno-maybe-uninitialized -fno-math-errno -fno-trapping-math -Werror=format -Wno-stringop-overflow, LAPACK_INFO=mkl, PERF_WITH_AVX=1, PERF_WITH_AVX2=1, PERF_WITH_AVX512=1, TORCH_VERSION=2.4.0, USE_CUDA=ON, USE_CUDNN=ON, USE_CUSPARSELT=1, USE_EXCEPTION_PTR=1, USE_GFLAGS=OFF, USE_GLOG=OFF, USE_GLOO=ON, USE_MKL=ON, USE_MKLDNN=ON, USE_MPI=OFF, USE_NCCL=1, USE_NNPACK=ON, USE_OPENMP=ON, USE_ROCM=OFF, USE_ROCM_KERNEL_ASSERT=OFF, 

    TorchVision: 0.19.0+cu121
    OpenCV: 4.12.0
    MMEngine: 0.11.0rc0

Runtime environment:
    cudnn_benchmark: True
    mp_cfg: {'mp_start_method': 'fork', 'opencv_num_threads': 0}
    dist_cfg: {'backend': 'nccl'}
    seed: 1948846296
    Distributed launcher: none
    Distributed training: False
    GPU number: 1
------------------------------------------------------------

2026/04/11 16:38:10 - mmengine - INFO - Config:
checkpoint_config = dict(by_epoch=True, interval=50)
class_names = [
    'background',
    'ship',
    'store_tank',
    'baseball_diamond',
    'tennis_court',
    'basketball_court',
    'ground_track_field',
    'bridge',
    'large_vehicle',
    'small_vehicle',
    'helicopter',
    'swimming_pool',
    'roundabout',
    'soccer_ball_field',
    'plane',
    'harbor',
]
data = dict(
    samples_per_gpu=4,
    test=dict(
        ann_dir='ann_dir/val',
        data_root='/data/public/iSAID',
        img_dir='img_dir/val',
        pipeline=[
            dict(type='LoadImageFromFile'),
            dict(type='LoadAnnotations'),
            dict(type='PackSegInputs'),
        ],
        type='iSAIDDataset'),
    train=dict(
        ann_dir='ann_dir/train',
        data_root='/data/public/iSAID',
        img_dir='img_dir/train',
        pipeline=[
            dict(type='LoadImageFromFile'),
            dict(type='LoadAnnotations'),
            dict(type='PackSegInputs'),
        ],
        type='iSAIDDataset'),
    val=dict(
        ann_dir='ann_dir/val',
        data_root='/data/public/iSAID',
        img_dir='img_dir/val',
        pipeline=[
            dict(type='LoadImageFromFile'),
            dict(type='LoadAnnotations'),
            dict(type='PackSegInputs'),
        ],
        type='iSAIDDataset'),
    workers_per_gpu=8)
data_root = '/data/public/iSAID'
dataset_type = 'iSAIDDataset'
default_hooks = dict(
    checkpoint=dict(by_epoch=False, interval=2000, type='CheckpointHook'),
    logger=dict(interval=50, log_metric_by_epoch=False, type='LoggerHook'),
    param_scheduler=dict(type='ParamSchedulerHook'),
    sampler_seed=dict(type='DistSamplerSeedHook'),
    timer=dict(type='IterTimerHook'),
    visualization=dict(interval=1, type='SegVisualizationHook'))
default_scope = 'mmseg'
dist_params = dict(backend='nccl')
env_cfg = dict(
    cudnn_benchmark=True,
    dist_cfg=dict(backend='nccl'),
    mp_cfg=dict(mp_start_method='fork', opencv_num_threads=0))
launcher = 'none'
load_from = None
log_config = dict(
    hooks=[
        dict(by_epoch=True, type='TextLoggerHook'),
    ], interval=50)
log_level = 'INFO'
log_processor = dict(by_epoch=False)
model = dict(
    bg_idx=0,
    classname_path='./configs/cls_iSAID_exp.txt',
    confidence_threshold=0.4,
    device='cuda:0',
    model_type='SAM3',
    prob_thd=0.1,
    slide_crop=0,
    slide_stride=0,
    type='SegEarthOV3Segmentation',
    use_presence_score=True,
    use_sem_seg=True,
    use_transformer_decoder=True)
resume = False
resume_from = None
runner = dict(max_epochs=200, type='EpochBasedRunner')
test_cfg = dict(type='TestLoop')
test_dataloader = dict(
    batch_size=4,
    dataset=dict(
        data_prefix=dict(img_path='img_dir/val', seg_map_path='ann_dir/val'),
        data_root='/data/public/iSAID',
        pipeline=[
            dict(type='LoadImageFromFile'),
            dict(type='LoadAnnotations'),
            dict(type='PackSegInputs'),
        ],
        type='iSAIDDataset'),
    num_workers=8,
    persistent_workers=True,
    sampler=dict(shuffle=False, type='DefaultSampler'))
test_evaluator = dict(
    ignore_index=255,
    iou_metrics=[
        'mIoU',
    ],
    iou_thresholds=[
        0.5,
        0.75,
    ],
    type='CombinedMetrics')
vis_backends = [
    dict(type='LocalVisBackend'),
]
visualizer = dict(
    alpha=0.7,
    name='visualizer',
    type='SegLocalVisualizer',
    vis_backends=[
        dict(type='LocalVisBackend'),
    ])
work_dir = './work_dirs/cfg_iSAID_exp'
workflow = [
    (
        'test',
        1,
    ),
]

2026/04/11 16:38:24 - mmengine - INFO - Distributed training is not used, all SyncBatchNorm (SyncBN) layers in the model will be automatically reverted to BatchNormXd layers if they are used.
2026/04/11 16:38:24 - mmengine - INFO - Hooks will be executed in the following order:
before_run:
(VERY_HIGH   ) RuntimeInfoHook                    
(BELOW_NORMAL) LoggerHook                         
 -------------------- 
before_train:
(VERY_HIGH   ) RuntimeInfoHook                    
(NORMAL      ) IterTimerHook                      
(VERY_LOW    ) CheckpointHook                     
 -------------------- 
before_train_epoch:
(VERY_HIGH   ) RuntimeInfoHook                    
(NORMAL      ) IterTimerHook                      
(NORMAL      ) DistSamplerSeedHook                
 -------------------- 
before_train_iter:
(VERY_HIGH   ) RuntimeInfoHook                    
(NORMAL      ) IterTimerHook                      
 -------------------- 
after_train_iter:
(VERY_HIGH   ) RuntimeInfoHook                    
(NORMAL      ) IterTimerHook                      
(NORMAL      ) SegVisualizationHook               
(BELOW_NORMAL) LoggerHook                         
(LOW         ) ParamSchedulerHook                 
(VERY_LOW    ) CheckpointHook                     
 -------------------- 
after_train_epoch:
(NORMAL      ) IterTimerHook                      
(LOW         ) ParamSchedulerHook                 
(VERY_LOW    ) CheckpointHook                     
 -------------------- 
before_val:
(VERY_HIGH   ) RuntimeInfoHook                    
 -------------------- 
before_val_epoch:
(NORMAL      ) IterTimerHook                      
 -------------------- 
before_val_iter:
(NORMAL      ) IterTimerHook                      
 -------------------- 
after_val_iter:
(NORMAL      ) IterTimerHook                      
(NORMAL      ) SegVisualizationHook               
(BELOW_NORMAL) LoggerHook                         
 -------------------- 
after_val_epoch:
(VERY_HIGH   ) RuntimeInfoHook                    
(NORMAL      ) IterTimerHook                      
(BELOW_NORMAL) LoggerHook                         
(LOW         ) ParamSchedulerHook                 
(VERY_LOW    ) CheckpointHook                     
 -------------------- 
after_val:
(VERY_HIGH   ) RuntimeInfoHook                    
 -------------------- 
after_train:
(VERY_HIGH   ) RuntimeInfoHook                    
(VERY_LOW    ) CheckpointHook                     
 -------------------- 
before_test:
(VERY_HIGH   ) RuntimeInfoHook                    
 -------------------- 
before_test_epoch:
(NORMAL      ) IterTimerHook                      
 -------------------- 
before_test_iter:
(NORMAL      ) IterTimerHook                      
 -------------------- 
after_test_iter:
(NORMAL      ) IterTimerHook                      
(NORMAL      ) SegVisualizationHook               
(BELOW_NORMAL) LoggerHook                         
 -------------------- 
after_test_epoch:
(VERY_HIGH   ) RuntimeInfoHook                    
(NORMAL      ) IterTimerHook                      
(BELOW_NORMAL) LoggerHook                         
 -------------------- 
after_test:
(VERY_HIGH   ) RuntimeInfoHook                    
 -------------------- 
after_run:
(BELOW_NORMAL) LoggerHook                         
 -------------------- 
2026/04/11 16:38:24 - mmengine - WARNING - The prefix is not set in metric class CombinedMetrics.
2026/04/11 16:38:24 - mmengine - WARNING - The prefix is not set in metric class IoUMetric.
2026/04/11 16:38:24 - mmengine - WARNING - The prefix is not set in metric class SegAPMetric.
2026/04/11 16:43:00 - mmengine - INFO - Iter(test) [  50/2911]    eta: 4:22:26  time: 5.3836  data_time: 0.0088  memory: 12076  
2026/04/11 16:47:34 - mmengine - INFO - Iter(test) [ 100/2911]    eta: 4:17:26  time: 5.4463  data_time: 0.0093  memory: 4825  
2026/04/11 16:52:06 - mmengine - INFO - Iter(test) [ 150/2911]    eta: 4:11:58  time: 5.5618  data_time: 0.0111  memory: 4825  
2026/04/11 16:56:53 - mmengine - INFO - Iter(test) [ 200/2911]    eta: 4:10:27  time: 6.2986  data_time: 0.0076  memory: 4825  
2026/04/11 17:01:46 - mmengine - INFO - Iter(test) [ 250/2911]    eta: 4:08:34  time: 6.2353  data_time: 0.0167  memory: 4825  
2026/04/11 17:06:48 - mmengine - INFO - Iter(test) [ 300/2911]    eta: 4:07:09  time: 6.0429  data_time: 0.0116  memory: 4825  
2026/04/11 17:12:02 - mmengine - INFO - Iter(test) [ 350/2911]    eta: 4:06:00  time: 6.2247  data_time: 0.0145  memory: 4825  
2026/04/11 17:17:16 - mmengine - INFO - Iter(test) [ 400/2911]    eta: 4:03:53  time: 6.8484  data_time: 0.0192  memory: 4825  
2026/04/11 17:22:05 - mmengine - INFO - Iter(test) [ 450/2911]    eta: 3:58:51  time: 5.7988  data_time: 0.0107  memory: 4825  
2026/04/11 17:26:56 - mmengine - INFO - Iter(test) [ 500/2911]    eta: 3:54:01  time: 5.5737  data_time: 0.0136  memory: 4825  
2026/04/11 17:31:46 - mmengine - INFO - Iter(test) [ 550/2911]    eta: 3:49:02  time: 5.5759  data_time: 0.0125  memory: 4825  
2026/04/11 17:36:38 - mmengine - INFO - Iter(test) [ 600/2911]    eta: 3:44:15  time: 5.4625  data_time: 0.0097  memory: 4825  
2026/04/11 17:41:19 - mmengine - INFO - Iter(test) [ 650/2911]    eta: 3:38:49  time: 5.7829  data_time: 0.0152  memory: 4825  
2026/04/11 17:45:59 - mmengine - INFO - Iter(test) [ 700/2911]    eta: 3:33:26  time: 5.6624  data_time: 0.0129  memory: 4825  
2026/04/11 17:50:42 - mmengine - INFO - Iter(test) [ 750/2911]    eta: 3:28:17  time: 5.6140  data_time: 0.0110  memory: 4825  
2026/04/11 17:55:24 - mmengine - INFO - Iter(test) [ 800/2911]    eta: 3:23:08  time: 5.6590  data_time: 0.0114  memory: 4825  
2026/04/11 18:00:19 - mmengine - INFO - Iter(test) [ 850/2911]    eta: 3:18:36  time: 5.9924  data_time: 0.0127  memory: 4825  
2026/04/11 18:05:21 - mmengine - INFO - Iter(test) [ 900/2911]    eta: 3:14:16  time: 6.0828  data_time: 0.0134  memory: 4825  
2026/04/11 18:10:24 - mmengine - INFO - Iter(test) [ 950/2911]    eta: 3:09:54  time: 6.9912  data_time: 0.0157  memory: 4825  
2026/04/11 18:15:19 - mmengine - INFO - Iter(test) [1000/2911]    eta: 3:05:11  time: 5.7767  data_time: 0.0126  memory: 4825  
2026/04/11 18:20:26 - mmengine - INFO - Iter(test) [1050/2911]    eta: 3:00:49  time: 6.0121  data_time: 0.0110  memory: 4825  
2026/04/11 18:25:27 - mmengine - INFO - Iter(test) [1100/2911]    eta: 2:56:14  time: 5.9793  data_time: 0.0118  memory: 4825  
2026/04/11 18:30:18 - mmengine - INFO - Iter(test) [1150/2911]    eta: 2:51:20  time: 5.6414  data_time: 0.0113  memory: 4825  
2026/04/11 18:34:59 - mmengine - INFO - Iter(test) [1200/2911]    eta: 2:46:13  time: 5.8662  data_time: 0.0128  memory: 4825  
2026/04/11 18:39:34 - mmengine - INFO - Iter(test) [1250/2911]    eta: 2:40:59  time: 5.6127  data_time: 0.0176  memory: 4825  
2026/04/11 18:44:29 - mmengine - INFO - Iter(test) [1300/2911]    eta: 2:36:14  time: 5.5848  data_time: 0.0100  memory: 4825  
2026/04/11 18:49:16 - mmengine - INFO - Iter(test) [1350/2911]    eta: 2:31:18  time: 5.5501  data_time: 0.0111  memory: 4825  
2026/04/11 18:53:51 - mmengine - INFO - Iter(test) [1400/2911]    eta: 2:26:10  time: 5.4891  data_time: 0.0143  memory: 4825  
2026/04/11 18:58:35 - mmengine - INFO - Iter(test) [1450/2911]    eta: 2:21:14  time: 5.9212  data_time: 0.0148  memory: 4825  
2026/04/11 19:03:10 - mmengine - INFO - Iter(test) [1500/2911]    eta: 2:16:09  time: 5.4979  data_time: 0.0130  memory: 4825  
2026/04/11 19:07:51 - mmengine - INFO - Iter(test) [1550/2911]    eta: 2:11:13  time: 5.4881  data_time: 0.0108  memory: 4825  
2026/04/11 19:12:32 - mmengine - INFO - Iter(test) [1600/2911]    eta: 2:06:17  time: 5.5096  data_time: 0.0131  memory: 4825  
2026/04/11 19:17:07 - mmengine - INFO - Iter(test) [1650/2911]    eta: 2:01:17  time: 5.5748  data_time: 0.0132  memory: 4825  
2026/04/11 19:21:40 - mmengine - INFO - Iter(test) [1700/2911]    eta: 1:56:17  time: 5.5381  data_time: 0.0108  memory: 4825  
2026/04/11 19:26:13 - mmengine - INFO - Iter(test) [1750/2911]    eta: 1:51:19  time: 5.4465  data_time: 0.0109  memory: 4825  
2026/04/11 19:30:58 - mmengine - INFO - Iter(test) [1800/2911]    eta: 1:46:30  time: 5.8819  data_time: 0.0139  memory: 4825  
2026/04/11 19:35:42 - mmengine - INFO - Iter(test) [1850/2911]    eta: 1:41:40  time: 5.4103  data_time: 0.0103  memory: 4825  
2026/04/11 19:40:19 - mmengine - INFO - Iter(test) [1900/2911]    eta: 1:36:47  time: 5.5192  data_time: 0.0105  memory: 4825  
2026/04/11 19:44:53 - mmengine - INFO - Iter(test) [1950/2911]    eta: 1:31:53  time: 5.5194  data_time: 0.0120  memory: 4825  
2026/04/11 19:49:32 - mmengine - INFO - Iter(test) [2000/2911]    eta: 1:27:03  time: 5.6157  data_time: 0.0142  memory: 4825  
2026/04/11 19:54:09 - mmengine - INFO - Iter(test) [2050/2911]    eta: 1:22:12  time: 5.6163  data_time: 0.0132  memory: 4825  
2026/04/11 19:58:44 - mmengine - INFO - Iter(test) [2100/2911]    eta: 1:17:21  time: 5.5541  data_time: 0.0116  memory: 4825  
2026/04/11 20:03:29 - mmengine - INFO - Iter(test) [2150/2911]    eta: 1:12:35  time: 6.3717  data_time: 0.0187  memory: 4825  
2026/04/11 20:08:09 - mmengine - INFO - Iter(test) [2200/2911]    eta: 1:07:47  time: 5.8145  data_time: 0.0125  memory: 4825  
2026/04/11 20:13:03 - mmengine - INFO - Iter(test) [2250/2911]    eta: 1:03:03  time: 5.8327  data_time: 0.0138  memory: 4825  
2026/04/11 20:17:47 - mmengine - INFO - Iter(test) [2300/2911]    eta: 0:58:16  time: 5.4616  data_time: 0.0128  memory: 4825  
2026/04/11 20:22:35 - mmengine - INFO - Iter(test) [2350/2911]    eta: 0:53:31  time: 5.5330  data_time: 0.0122  memory: 4825  
2026/04/11 20:27:21 - mmengine - INFO - Iter(test) [2400/2911]    eta: 0:48:44  time: 5.8760  data_time: 0.0120  memory: 4825  
2026/04/11 20:32:20 - mmengine - INFO - Iter(test) [2450/2911]    eta: 0:44:00  time: 6.1421  data_time: 0.0117  memory: 4825  
2026/04/11 20:37:25 - mmengine - INFO - Iter(test) [2500/2911]    eta: 0:39:17  time: 6.4059  data_time: 0.0162  memory: 4825  
2026/04/11 20:42:28 - mmengine - INFO - Iter(test) [2550/2911]    eta: 0:34:33  time: 5.7646  data_time: 0.0126  memory: 4825  
2026/04/11 20:49:17 - mmengine - INFO - Iter(test) [2600/2911]    eta: 0:30:00  time: 10.2799  data_time: 0.0107  memory: 4825  
2026/04/11 20:57:44 - mmengine - INFO - Iter(test) [2650/2911]    eta: 0:25:32  time: 8.6092  data_time: 0.0177  memory: 4825  
2026/04/11 21:02:53 - mmengine - INFO - Iter(test) [2700/2911]    eta: 0:20:40  time: 6.1821  data_time: 0.0131  memory: 4825  
2026/04/11 21:08:04 - mmengine - INFO - Iter(test) [2750/2911]    eta: 0:15:47  time: 6.3454  data_time: 0.0160  memory: 4825  
2026/04/11 21:16:03 - mmengine - INFO - Iter(test) [2800/2911]    eta: 0:11:00  time: 10.1606  data_time: 0.0134  memory: 4825  
2026/04/11 21:22:49 - mmengine - INFO - Iter(test) [2850/2911]    eta: 0:06:05  time: 5.5115  data_time: 0.0112  memory: 4825  
2026/04/11 21:27:33 - mmengine - INFO - Iter(test) [2900/2911]    eta: 0:01:05  time: 5.3762  data_time: 0.0078  memory: 4825  
2026/04/11 21:28:32 - mmengine - INFO - per class results:
2026/04/11 21:28:32 - mmengine - INFO - 
+--------------------+-------+-------+
|       Class        |  IoU  |  Acc  |
+--------------------+-------+-------+
|     background     | 91.46 | 91.77 |
|        ship        | 30.79 | 32.83 |
|     store_tank     | 62.84 | 77.05 |
|  baseball_diamond  |  6.7  |  11.6 |
|    tennis_court    |  38.5 | 71.44 |
|  basketball_court  |  6.81 | 46.13 |
| Ground_Track_Field | 26.36 | 36.96 |
|       Bridge       | 10.77 |  53.9 |
|   Large_Vehicle    | 41.11 | 83.83 |
|   Small_Vehicle    | 46.76 | 68.89 |
|     Helicopter     |  5.41 |  5.82 |
|   Swimming_pool    | 11.78 | 56.79 |
|     Roundabout     |  1.79 | 83.29 |
| Soccer_ball_field  |  13.8 | 86.77 |
|       plane        | 66.26 | 96.45 |
|       Harbor       |  8.21 | 83.89 |
+--------------------+-------+-------+
2026/04/11 21:28:32 - mmengine - INFO - Iter(test) [2911/2911]    aAcc: 91.1100  mIoU: 29.3300  mAcc: 61.7100  AP50: 33.6000  AP75: 18.8800  data_time: 0.0126  time: 5.9799
