2026/04/08 22:00:10 - mmengine - INFO - 
------------------------------------------------------------
System environment:
    sys.platform: linux
    Python: 3.10.19 | packaged by conda-forge | (main, Oct 22 2025, 22:29:10) [GCC 14.3.0]
    CUDA available: True
    MUSA available: False
    numpy_random_seed: 1234204338
    GPU 0,1,2,3,4,5,6,7: NVIDIA GeForce RTX 4090
    CUDA_HOME: /usr/local/cuda
    NVCC: Cuda compilation tools, release 12.6, V12.6.20
    GCC: gcc (Ubuntu 11.4.0-1ubuntu1~22.04) 11.4.0
    PyTorch: 2.4.0+cu121
    PyTorch compiling details: PyTorch built with:
  - GCC 9.3
  - C++ Version: 201703
  - Intel(R) oneAPI Math Kernel Library Version 2022.2-Product Build 20220804 for Intel(R) 64 architecture applications
  - Intel(R) MKL-DNN v3.4.2 (Git Hash 1137e04ec0b5251ca2b4400a4fd3c667ce843d67)
  - OpenMP 201511 (a.k.a. OpenMP 4.5)
  - LAPACK is enabled (usually provided by MKL)
  - NNPACK is enabled
  - CPU capability usage: AVX512
  - CUDA Runtime 12.1
  - NVCC architecture flags: -gencode;arch=compute_50,code=sm_50;-gencode;arch=compute_60,code=sm_60;-gencode;arch=compute_70,code=sm_70;-gencode;arch=compute_75,code=sm_75;-gencode;arch=compute_80,code=sm_80;-gencode;arch=compute_86,code=sm_86;-gencode;arch=compute_90,code=sm_90
  - CuDNN 90.1  (built against CUDA 12.4)
  - Magma 2.6.1
  - Build settings: BLAS_INFO=mkl, BUILD_TYPE=Release, CUDA_VERSION=12.1, CUDNN_VERSION=9.1.0, CXX_COMPILER=/opt/rh/devtoolset-9/root/usr/bin/c++, CXX_FLAGS= -D_GLIBCXX_USE_CXX11_ABI=0 -fabi-version=11 -fvisibility-inlines-hidden -DUSE_PTHREADPOOL -DNDEBUG -DUSE_KINETO -DLIBKINETO_NOROCTRACER -DUSE_FBGEMM -DUSE_PYTORCH_QNNPACK -DUSE_XNNPACK -DSYMBOLICATE_MOBILE_DEBUG_HANDLE -O2 -fPIC -Wall -Wextra -Werror=return-type -Werror=non-virtual-dtor -Werror=bool-operation -Wnarrowing -Wno-missing-field-initializers -Wno-type-limits -Wno-array-bounds -Wno-unknown-pragmas -Wno-unused-parameter -Wno-unused-function -Wno-unused-result -Wno-strict-overflow -Wno-strict-aliasing -Wno-stringop-overflow -Wsuggest-override -Wno-psabi -Wno-error=pedantic -Wno-error=old-style-cast -Wno-missing-braces -fdiagnostics-color=always -faligned-new -Wno-unused-but-set-variable -Wno-maybe-uninitialized -fno-math-errno -fno-trapping-math -Werror=format -Wno-stringop-overflow, LAPACK_INFO=mkl, PERF_WITH_AVX=1, PERF_WITH_AVX2=1, PERF_WITH_AVX512=1, TORCH_VERSION=2.4.0, USE_CUDA=ON, USE_CUDNN=ON, USE_CUSPARSELT=1, USE_EXCEPTION_PTR=1, USE_GFLAGS=OFF, USE_GLOG=OFF, USE_GLOO=ON, USE_MKL=ON, USE_MKLDNN=ON, USE_MPI=OFF, USE_NCCL=1, USE_NNPACK=ON, USE_OPENMP=ON, USE_ROCM=OFF, USE_ROCM_KERNEL_ASSERT=OFF, 

    TorchVision: 0.19.0+cu121
    OpenCV: 4.12.0
    MMEngine: 0.11.0rc0

Runtime environment:
    cudnn_benchmark: True
    mp_cfg: {'mp_start_method': 'fork', 'opencv_num_threads': 0}
    dist_cfg: {'backend': 'nccl'}
    seed: 1234204338
    Distributed launcher: none
    Distributed training: False
    GPU number: 1
------------------------------------------------------------

2026/04/08 22:00:10 - mmengine - INFO - Config:
checkpoint_config = dict(by_epoch=True, interval=50)
class_names = [
    'background',
    'ship',
    'store_tank',
    'baseball_diamond',
    'tennis_court',
    'basketball_court',
    'ground_track_field',
    'bridge',
    'large_vehicle',
    'small_vehicle',
    'helicopter',
    'swimming_pool',
    'roundabout',
    'soccer_ball_field',
    'plane',
    'harbor',
]
data = dict(
    samples_per_gpu=4,
    test=dict(
        ann_dir='ann_dir/val',
        data_root='/data/public/iSAID',
        img_dir='img_dir/val',
        pipeline=[
            dict(type='LoadImageFromFile'),
            dict(type='LoadAnnotations'),
            dict(type='PackSegInputs'),
        ],
        type='iSAIDDataset'),
    train=dict(
        ann_dir='ann_dir/train',
        data_root='/data/public/iSAID',
        img_dir='img_dir/train',
        pipeline=[
            dict(type='LoadImageFromFile'),
            dict(type='LoadAnnotations'),
            dict(type='PackSegInputs'),
        ],
        type='iSAIDDataset'),
    val=dict(
        ann_dir='ann_dir/val',
        data_root='/data/public/iSAID',
        img_dir='img_dir/val',
        pipeline=[
            dict(type='LoadImageFromFile'),
            dict(type='LoadAnnotations'),
            dict(type='PackSegInputs'),
        ],
        type='iSAIDDataset'),
    workers_per_gpu=8)
data_root = '/data/public/iSAID'
dataset_type = 'iSAIDDataset'
default_hooks = dict(
    checkpoint=dict(by_epoch=False, interval=2000, type='CheckpointHook'),
    logger=dict(interval=50, log_metric_by_epoch=False, type='LoggerHook'),
    param_scheduler=dict(type='ParamSchedulerHook'),
    sampler_seed=dict(type='DistSamplerSeedHook'),
    timer=dict(type='IterTimerHook'),
    visualization=dict(interval=1, type='SegVisualizationHook'))
default_scope = 'mmseg'
dist_params = dict(backend='nccl')
env_cfg = dict(
    cudnn_benchmark=True,
    dist_cfg=dict(backend='nccl'),
    mp_cfg=dict(mp_start_method='fork', opencv_num_threads=0))
launcher = 'none'
load_from = None
log_config = dict(
    hooks=[
        dict(by_epoch=True, type='TextLoggerHook'),
    ], interval=50)
log_level = 'INFO'
log_processor = dict(by_epoch=False)
model = dict(
    bg_idx=0,
    classname_path='./configs/cls_iSAID_exp.txt',
    confidence_threshold=0.4,
    device='cuda:1',
    expanded_prompt_pool_path=
    './prompt_pools/cfg_iSAID_exp_expanded_prompt_pool_guided.pkl',
    model_type='SAM3',
    prob_thd=0.1,
    slide_crop=0,
    slide_stride=0,
    type='SegEarthOV3Segmentation',
    use_presence_score=True,
    use_sem_seg=True,
    use_transformer_decoder=True)
resume = False
resume_from = None
runner = dict(max_epochs=200, type='EpochBasedRunner')
test_cfg = dict(type='TestLoop')
test_dataloader = dict(
    batch_size=4,
    dataset=dict(
        data_prefix=dict(img_path='img_dir/val', seg_map_path='ann_dir/val'),
        data_root='/data/public/iSAID',
        pipeline=[
            dict(type='LoadImageFromFile'),
            dict(type='LoadAnnotations'),
            dict(type='PackSegInputs'),
        ],
        type='iSAIDDataset'),
    num_workers=8,
    persistent_workers=True,
    sampler=dict(shuffle=False, type='DefaultSampler'))
test_evaluator = dict(
    ignore_index=255,
    iou_metrics=[
        'mIoU',
    ],
    iou_thresholds=[
        0.5,
        0.75,
    ],
    type='CombinedMetrics')
vis_backends = [
    dict(type='LocalVisBackend'),
]
visualizer = dict(
    alpha=0.7,
    name='visualizer',
    type='SegLocalVisualizer',
    vis_backends=[
        dict(type='LocalVisBackend'),
    ])
work_dir = './work_dirs/cfg_iSAID_exp'
workflow = [
    (
        'test',
        1,
    ),
]

2026/04/08 22:00:24 - mmengine - INFO - Distributed training is not used, all SyncBatchNorm (SyncBN) layers in the model will be automatically reverted to BatchNormXd layers if they are used.
2026/04/08 22:00:24 - mmengine - INFO - Hooks will be executed in the following order:
before_run:
(VERY_HIGH   ) RuntimeInfoHook                    
(BELOW_NORMAL) LoggerHook                         
 -------------------- 
before_train:
(VERY_HIGH   ) RuntimeInfoHook                    
(NORMAL      ) IterTimerHook                      
(VERY_LOW    ) CheckpointHook                     
 -------------------- 
before_train_epoch:
(VERY_HIGH   ) RuntimeInfoHook                    
(NORMAL      ) IterTimerHook                      
(NORMAL      ) DistSamplerSeedHook                
 -------------------- 
before_train_iter:
(VERY_HIGH   ) RuntimeInfoHook                    
(NORMAL      ) IterTimerHook                      
 -------------------- 
after_train_iter:
(VERY_HIGH   ) RuntimeInfoHook                    
(NORMAL      ) IterTimerHook                      
(NORMAL      ) SegVisualizationHook               
(BELOW_NORMAL) LoggerHook                         
(LOW         ) ParamSchedulerHook                 
(VERY_LOW    ) CheckpointHook                     
 -------------------- 
after_train_epoch:
(NORMAL      ) IterTimerHook                      
(LOW         ) ParamSchedulerHook                 
(VERY_LOW    ) CheckpointHook                     
 -------------------- 
before_val:
(VERY_HIGH   ) RuntimeInfoHook                    
 -------------------- 
before_val_epoch:
(NORMAL      ) IterTimerHook                      
 -------------------- 
before_val_iter:
(NORMAL      ) IterTimerHook                      
 -------------------- 
after_val_iter:
(NORMAL      ) IterTimerHook                      
(NORMAL      ) SegVisualizationHook               
(BELOW_NORMAL) LoggerHook                         
 -------------------- 
after_val_epoch:
(VERY_HIGH   ) RuntimeInfoHook                    
(NORMAL      ) IterTimerHook                      
(BELOW_NORMAL) LoggerHook                         
(LOW         ) ParamSchedulerHook                 
(VERY_LOW    ) CheckpointHook                     
 -------------------- 
after_val:
(VERY_HIGH   ) RuntimeInfoHook                    
 -------------------- 
after_train:
(VERY_HIGH   ) RuntimeInfoHook                    
(VERY_LOW    ) CheckpointHook                     
 -------------------- 
before_test:
(VERY_HIGH   ) RuntimeInfoHook                    
 -------------------- 
before_test_epoch:
(NORMAL      ) IterTimerHook                      
 -------------------- 
before_test_iter:
(NORMAL      ) IterTimerHook                      
 -------------------- 
after_test_iter:
(NORMAL      ) IterTimerHook                      
(NORMAL      ) SegVisualizationHook               
(BELOW_NORMAL) LoggerHook                         
 -------------------- 
after_test_epoch:
(VERY_HIGH   ) RuntimeInfoHook                    
(NORMAL      ) IterTimerHook                      
(BELOW_NORMAL) LoggerHook                         
 -------------------- 
after_test:
(VERY_HIGH   ) RuntimeInfoHook                    
 -------------------- 
after_run:
(BELOW_NORMAL) LoggerHook                         
 -------------------- 
2026/04/08 22:00:24 - mmengine - WARNING - The prefix is not set in metric class CombinedMetrics.
2026/04/08 22:00:24 - mmengine - WARNING - The prefix is not set in metric class IoUMetric.
2026/04/08 22:00:24 - mmengine - WARNING - The prefix is not set in metric class SegAPMetric.
2026/04/08 22:04:27 - mmengine - INFO - Iter(test) [  50/2911]    eta: 3:51:21  time: 4.8494  data_time: 0.0088  memory: 16732  
2026/04/08 22:08:24 - mmengine - INFO - Iter(test) [ 100/2911]    eta: 3:44:57  time: 4.7514  data_time: 0.0077  memory: 116  
2026/04/08 22:12:22 - mmengine - INFO - Iter(test) [ 150/2911]    eta: 3:40:11  time: 4.7509  data_time: 0.0076  memory: 116  
2026/04/08 22:16:22 - mmengine - INFO - Iter(test) [ 200/2911]    eta: 3:36:20  time: 4.7581  data_time: 0.0075  memory: 116  
2026/04/08 22:20:20 - mmengine - INFO - Iter(test) [ 250/2911]    eta: 3:32:07  time: 4.7488  data_time: 0.0075  memory: 116  
2026/04/08 22:24:22 - mmengine - INFO - Iter(test) [ 300/2911]    eta: 3:28:35  time: 4.8701  data_time: 0.0081  memory: 116  
2026/04/08 22:28:20 - mmengine - INFO - Iter(test) [ 350/2911]    eta: 3:24:18  time: 4.7471  data_time: 0.0075  memory: 116  
2026/04/08 22:32:16 - mmengine - INFO - Iter(test) [ 400/2911]    eta: 3:20:02  time: 4.7014  data_time: 0.0075  memory: 116  
2026/04/08 22:36:12 - mmengine - INFO - Iter(test) [ 450/2911]    eta: 3:15:45  time: 4.7181  data_time: 0.0076  memory: 116  
2026/04/08 22:40:08 - mmengine - INFO - Iter(test) [ 500/2911]    eta: 3:11:33  time: 4.7148  data_time: 0.0074  memory: 116  
2026/04/08 22:44:05 - mmengine - INFO - Iter(test) [ 550/2911]    eta: 3:07:29  time: 4.7623  data_time: 0.0077  memory: 116  
2026/04/08 22:48:02 - mmengine - INFO - Iter(test) [ 600/2911]    eta: 3:03:25  time: 4.7199  data_time: 0.0076  memory: 116  
2026/04/08 22:51:57 - mmengine - INFO - Iter(test) [ 650/2911]    eta: 2:59:18  time: 4.7055  data_time: 0.0075  memory: 116  
2026/04/08 22:55:53 - mmengine - INFO - Iter(test) [ 700/2911]    eta: 2:55:13  time: 4.7165  data_time: 0.0075  memory: 116  
2026/04/08 22:59:50 - mmengine - INFO - Iter(test) [ 750/2911]    eta: 2:51:13  time: 4.8008  data_time: 0.0080  memory: 116  
2026/04/08 23:03:46 - mmengine - INFO - Iter(test) [ 800/2911]    eta: 2:47:11  time: 4.7235  data_time: 0.0075  memory: 116  
2026/04/08 23:07:42 - mmengine - INFO - Iter(test) [ 850/2911]    eta: 2:43:09  time: 4.7209  data_time: 0.0076  memory: 116  
2026/04/08 23:11:38 - mmengine - INFO - Iter(test) [ 900/2911]    eta: 2:39:08  time: 4.7263  data_time: 0.0078  memory: 116  
2026/04/08 23:15:36 - mmengine - INFO - Iter(test) [ 950/2911]    eta: 2:35:12  time: 4.7317  data_time: 0.0075  memory: 116  
2026/04/08 23:19:32 - mmengine - INFO - Iter(test) [1000/2911]    eta: 2:31:13  time: 4.7437  data_time: 0.0077  memory: 116  
2026/04/08 23:23:30 - mmengine - INFO - Iter(test) [1050/2911]    eta: 2:27:16  time: 4.7572  data_time: 0.0075  memory: 116  
2026/04/08 23:27:28 - mmengine - INFO - Iter(test) [1100/2911]    eta: 2:23:20  time: 4.7719  data_time: 0.0074  memory: 116  
2026/04/08 23:31:26 - mmengine - INFO - Iter(test) [1150/2911]    eta: 2:19:22  time: 4.7722  data_time: 0.0074  memory: 116  
2026/04/08 23:35:24 - mmengine - INFO - Iter(test) [1200/2911]    eta: 2:15:26  time: 4.7649  data_time: 0.0074  memory: 116  
2026/04/08 23:39:21 - mmengine - INFO - Iter(test) [1250/2911]    eta: 2:11:28  time: 4.7310  data_time: 0.0075  memory: 116  
2026/04/08 23:43:18 - mmengine - INFO - Iter(test) [1300/2911]    eta: 2:07:31  time: 4.7590  data_time: 0.0077  memory: 116  
2026/04/08 23:47:16 - mmengine - INFO - Iter(test) [1350/2911]    eta: 2:03:34  time: 4.7409  data_time: 0.0075  memory: 116  
2026/04/08 23:51:13 - mmengine - INFO - Iter(test) [1400/2911]    eta: 1:59:35  time: 4.7304  data_time: 0.0076  memory: 116  
2026/04/08 23:55:09 - mmengine - INFO - Iter(test) [1450/2911]    eta: 1:55:36  time: 4.7198  data_time: 0.0077  memory: 116  
2026/04/08 23:59:05 - mmengine - INFO - Iter(test) [1500/2911]    eta: 1:51:37  time: 4.7163  data_time: 0.0075  memory: 116  
2026/04/09 00:03:01 - mmengine - INFO - Iter(test) [1550/2911]    eta: 1:47:39  time: 4.7162  data_time: 0.0075  memory: 116  
2026/04/09 00:06:57 - mmengine - INFO - Iter(test) [1600/2911]    eta: 1:43:41  time: 4.7253  data_time: 0.0074  memory: 116  
2026/04/09 00:10:53 - mmengine - INFO - Iter(test) [1650/2911]    eta: 1:39:42  time: 4.7261  data_time: 0.0075  memory: 116  
2026/04/09 00:14:49 - mmengine - INFO - Iter(test) [1700/2911]    eta: 1:35:45  time: 4.7284  data_time: 0.0074  memory: 116  
2026/04/09 00:18:45 - mmengine - INFO - Iter(test) [1750/2911]    eta: 1:31:47  time: 4.7222  data_time: 0.0074  memory: 116  
2026/04/09 00:22:42 - mmengine - INFO - Iter(test) [1800/2911]    eta: 1:27:49  time: 4.7215  data_time: 0.0074  memory: 116  
2026/04/09 00:26:38 - mmengine - INFO - Iter(test) [1850/2911]    eta: 1:23:51  time: 4.7050  data_time: 0.0077  memory: 116  
2026/04/09 00:30:34 - mmengine - INFO - Iter(test) [1900/2911]    eta: 1:19:53  time: 4.7119  data_time: 0.0075  memory: 116  
2026/04/09 00:34:30 - mmengine - INFO - Iter(test) [1950/2911]    eta: 1:15:56  time: 4.7216  data_time: 0.0075  memory: 116  
2026/04/09 00:38:26 - mmengine - INFO - Iter(test) [2000/2911]    eta: 1:11:58  time: 4.7276  data_time: 0.0075  memory: 116  
2026/04/09 00:42:22 - mmengine - INFO - Iter(test) [2050/2911]    eta: 1:08:01  time: 4.7289  data_time: 0.0075  memory: 116  
2026/04/09 00:46:18 - mmengine - INFO - Iter(test) [2100/2911]    eta: 1:04:04  time: 4.7195  data_time: 0.0075  memory: 116  
2026/04/09 00:50:15 - mmengine - INFO - Iter(test) [2150/2911]    eta: 1:00:06  time: 4.7583  data_time: 0.0075  memory: 116  
2026/04/09 00:54:13 - mmengine - INFO - Iter(test) [2200/2911]    eta: 0:56:10  time: 4.7625  data_time: 0.0075  memory: 116  
2026/04/09 00:58:11 - mmengine - INFO - Iter(test) [2250/2911]    eta: 0:52:13  time: 4.7634  data_time: 0.0075  memory: 116  
2026/04/09 01:02:10 - mmengine - INFO - Iter(test) [2300/2911]    eta: 0:48:17  time: 4.7591  data_time: 0.0075  memory: 116  
2026/04/09 01:06:08 - mmengine - INFO - Iter(test) [2350/2911]    eta: 0:44:20  time: 4.7608  data_time: 0.0075  memory: 116  
2026/04/09 01:10:04 - mmengine - INFO - Iter(test) [2400/2911]    eta: 0:40:22  time: 4.7363  data_time: 0.0077  memory: 116  
2026/04/09 01:14:03 - mmengine - INFO - Iter(test) [2450/2911]    eta: 0:36:26  time: 4.7811  data_time: 0.0076  memory: 116  
2026/04/09 01:18:02 - mmengine - INFO - Iter(test) [2500/2911]    eta: 0:32:29  time: 4.7659  data_time: 0.0074  memory: 116  
2026/04/09 01:22:00 - mmengine - INFO - Iter(test) [2550/2911]    eta: 0:28:32  time: 4.7695  data_time: 0.0075  memory: 116  
2026/04/09 01:25:58 - mmengine - INFO - Iter(test) [2600/2911]    eta: 0:24:35  time: 4.7711  data_time: 0.0077  memory: 116  
2026/04/09 01:29:57 - mmengine - INFO - Iter(test) [2650/2911]    eta: 0:20:38  time: 4.7713  data_time: 0.0076  memory: 116  
2026/04/09 01:33:55 - mmengine - INFO - Iter(test) [2700/2911]    eta: 0:16:41  time: 4.7680  data_time: 0.0075  memory: 116  
2026/04/09 01:37:54 - mmengine - INFO - Iter(test) [2750/2911]    eta: 0:12:43  time: 4.7520  data_time: 0.0074  memory: 116  
2026/04/09 01:41:51 - mmengine - INFO - Iter(test) [2800/2911]    eta: 0:08:46  time: 4.7571  data_time: 0.0074  memory: 116  
2026/04/09 01:45:49 - mmengine - INFO - Iter(test) [2850/2911]    eta: 0:04:49  time: 4.7586  data_time: 0.0075  memory: 116  
2026/04/09 01:49:48 - mmengine - INFO - Iter(test) [2900/2911]    eta: 0:00:52  time: 4.7656  data_time: 0.0075  memory: 116  
2026/04/09 01:50:40 - mmengine - INFO - per class results:
2026/04/09 01:50:40 - mmengine - INFO - 
+--------------------+-------+-------+
|       Class        |  IoU  |  Acc  |
+--------------------+-------+-------+
|     background     | 83.15 | 83.33 |
|        ship        | 28.68 | 32.89 |
|     store_tank     | 65.15 | 83.23 |
|  baseball_diamond  |  7.94 | 18.08 |
|    tennis_court    | 33.57 | 71.65 |
|  basketball_court  |  5.08 | 47.64 |
| Ground_Track_Field |  5.33 | 37.88 |
|       Bridge       |  7.44 | 63.45 |
|   Large_Vehicle    | 30.72 | 83.93 |
|   Small_Vehicle    |  45.6 | 69.45 |
|     Helicopter     | 14.46 | 16.84 |
|   Swimming_pool    | 10.01 | 57.91 |
|     Roundabout     |  1.27 | 93.08 |
| Soccer_ball_field  |  6.02 | 89.28 |
|       plane        | 66.47 |  96.5 |
|       Harbor       |  5.52 |  85.5 |
+--------------------+-------+-------+
2026/04/09 01:50:40 - mmengine - INFO - Iter(test) [2911/2911]    aAcc: 82.9600  mIoU: 26.0300  mAcc: 64.4200  AP50: 35.4800  AP75: 19.4400  data_time: 0.0078  time: 4.7461
